Building DAG of jobs...
Using shell: /usr/bin/bash
Provided cores: 32
Rules claiming more threads will be scaled down.
Job counts:
	count	jobs
	1	clean
	1

[Thu Jan 23 14:04:55 2020]
rule clean:
    input: data/assemblies/Agy_ruf_genomeV2.fasta
    output: results/Agyrium_rufum/Agyrium_rufum_cleaned.fas
    log: log/Agyrium_rufum_clean.log
    jobid: 0
    wildcards: sample=Agyrium_rufum


		if [[ ! -d results/Agyrium_rufum ]]
		then
			mkdir results/Agyrium_rufum
		fi
		cd results/Agyrium_rufum
		funannotate clean -i ../../data/assemblies/Agy_ruf_genomeV2.fasta -o ../../results/Agyrium_rufum/Agyrium_rufum_cleaned.fas 2> ../../log/Agyrium_rufum_clean.log
		
Activating singularity image /home/lv71312/reslp/projects/monos_fun/.snakemake/singularity/0a21f40bee861ce147ebbdcd0a3fe17f.simg
-----------------------------------------------
3,759 input contigs, 761 larger than 500 bp, N50 is 223,106 bp
Checking duplication of 713 contigs shorter than N50
-----------------------------------------------
slurmstepd: error: *** JOB 8240304 ON n323-008 CANCELLED AT 2020-01-23T14:15:05 DUE TO TIME LIMIT ***
Will exit after finishing currently running jobs.
[Thu Jan 23 14:15:05 2020]
Error in rule clean:
    jobid: 0
    output: results/Agyrium_rufum/Agyrium_rufum_cleaned.fas
    log: log/Agyrium_rufum_clean.log (check log file(s) for error message)
    shell:
        
		if [[ ! -d results/Agyrium_rufum ]]
		then
			mkdir results/Agyrium_rufum
		fi
		cd results/Agyrium_rufum
		funannotate clean -i ../../data/assemblies/Agy_ruf_genomeV2.fasta -o ../../results/Agyrium_rufum/Agyrium_rufum_cleaned.fas 2> ../../log/Agyrium_rufum_clean.log
		
        (one of the commands exited with non-zero exit code; note that snakemake uses bash strict mode!)

Will exit after finishing currently running jobs.
Shutting down, this might take some time.
