Building DAG of jobs...
Using shell: /usr/bin/bash
Provided cores: 32
Rules claiming more threads will be scaled down.
Job counts:
	count	jobs
	1	clean
	1

[Thu Jan 23 14:04:55 2020]
rule clean:
    input: data/assemblies/Lobpul1_AssemblyScaffolds.fasta
    output: results/Lobaria_pulmonaria/Lobaria_pulmonaria_cleaned.fas
    log: log/Lobaria_pulmonaria_clean.log
    jobid: 0
    wildcards: sample=Lobaria_pulmonaria


		if [[ ! -d results/Lobaria_pulmonaria ]]
		then
			mkdir results/Lobaria_pulmonaria
		fi
		cd results/Lobaria_pulmonaria
		funannotate clean -i ../../data/assemblies/Lobpul1_AssemblyScaffolds.fasta -o ../../results/Lobaria_pulmonaria/Lobaria_pulmonaria_cleaned.fas 2> ../../log/Lobaria_pulmonaria_clean.log
		
Activating singularity image /home/lv71312/reslp/projects/monos_fun/.snakemake/singularity/0a21f40bee861ce147ebbdcd0a3fe17f.simg
-----------------------------------------------
1,911 input contigs, 1,911 larger than 500 bp, N50 is 50,541 bp
Checking duplication of 1,611 contigs shorter than N50
-----------------------------------------------
slurmstepd: error: *** JOB 8240303 ON n323-005 CANCELLED AT 2020-01-23T14:15:05 DUE TO TIME LIMIT ***
Will exit after finishing currently running jobs.
[Thu Jan 23 14:15:05 2020]
Error in rule clean:
    jobid: 0
    output: results/Lobaria_pulmonaria/Lobaria_pulmonaria_cleaned.fas
    log: log/Lobaria_pulmonaria_clean.log (check log file(s) for error message)
    shell:
        
		if [[ ! -d results/Lobaria_pulmonaria ]]
		then
			mkdir results/Lobaria_pulmonaria
		fi
		cd results/Lobaria_pulmonaria
		funannotate clean -i ../../data/assemblies/Lobpul1_AssemblyScaffolds.fasta -o ../../results/Lobaria_pulmonaria/Lobaria_pulmonaria_cleaned.fas 2> ../../log/Lobaria_pulmonaria_clean.log
		
        (one of the commands exited with non-zero exit code; note that snakemake uses bash strict mode!)

Will exit after finishing currently running jobs.
Shutting down, this might take some time.
